8.7456 	WARNING 	User requested fullscreen with size [800 600], but screen is actually [1920, 1080]. Using actual size
9.8246 	DEBUG 	Read csv file with pandas: TestConditions.csv
9.8266 	DEBUG 	Clearing unnamed columns from TestConditions.csv
9.8280 	EXP 	Imported TestConditions.csv as conditions, 64 conditions, 1 params
9.8299 	DEBUG 	Read csv file with pandas: practiceGoConditions.csv
9.8310 	DEBUG 	Clearing unnamed columns from practiceGoConditions.csv
9.8314 	EXP 	Imported practiceGoConditions.csv as conditions, 5 conditions, 1 params
9.8330 	DEBUG 	Read csv file with pandas: practiceMixedConditions.csv
9.8339 	DEBUG 	Clearing unnamed columns from practiceMixedConditions.csv
9.8343 	EXP 	Imported practiceMixedConditions.csv as conditions, 10 conditions, 1 params
9.8348 	EXP 	Created sequence: random, trialTypes=1, nReps=5, seed=None
10.0210 	DEBUG 	Using /Users/rpuri/Documents/GitHub/OSARI_private/OSARI_time_v1.8.py as origin file
10.1257 	EXP 	Created unnamed TextStim = TextStim(__class__=<class 'psychopy.visual.text.TextStim'>, alignHoriz=method-wrapper(...), alignText='center', alignVert=method-wrapper(...), anchorHoriz='center', anchorVert='center', antialias=True, autoLog=True, bold=False, color=array([1., 1., 1.]), colorSpace='rgb', contrast=1.0, depth=0, flipHoriz=False, flipVert=False, font='', fontFiles=[], height=1, italic=False, languageStyle='LTR', name='unnamed TextStim', opacity=1.0, ori=0.0, pos=array([0., 0.]), rgb=array([1., 1., 1.]), text='Do you understand the task? (Y/N)', units='cm', win=Window(...), wrapWidth=15.0)
10.1402 	EXP 	Created unnamed TextStim = TextStim(__class__=<class 'psychopy.visual.text.TextStim'>, alignHoriz=method-wrapper(...), alignText='center', alignVert=method-wrapper(...), anchorHoriz='center', anchorVert='center', antialias=True, autoLog=True, bold=False, color=array([1., 1., 1.]), colorSpace='rgb', contrast=1.0, depth=0, flipHoriz=False, flipVert=False, font='', fontFiles=[], height=1, italic=False, languageStyle='LTR', name='unnamed TextStim', opacity=1.0, ori=0.0, pos=array([0., 0.]), rgb=array([1., 1., 1.]), text=str(...), units='cm', win=Window(...), wrapWidth=15.0)
10.1501 	EXP 	Created unnamed TextStim = TextStim(__class__=<class 'psychopy.visual.text.TextStim'>, alignHoriz=method-wrapper(...), alignText='center', alignVert=method-wrapper(...), anchorHoriz='center', anchorVert='center', antialias=True, autoLog=True, bold=False, color=array([1., 1., 1.]), colorSpace='rgb', contrast=1.0, depth=0, flipHoriz=False, flipVert=False, font='', fontFiles=[], height=1, italic=False, languageStyle='LTR', name='unnamed TextStim', opacity=1.0, ori=0.0, pos=array([0., 0.]), rgb=array([1., 1., 1.]), text=str(...), units='cm', win=Window(...), wrapWidth=15.0)
10.2733 	EXP 	Created unnamed ImageStim = ImageStim(__class__=<class 'psychopy.visual.image.ImageStim'>, autoLog=True, color=array([1., 1., 1.]), colorSpace='rgb', contrast=1.0, depth=0, flipHoriz=False, flipVert=False, image='Stimuli/instr_image.png', interpolate=False, mask=None, maskParams=None, name='unnamed ImageStim', opacity=1.0, ori=0.0, pos=array([0., 0.]), size=array([42.1875   , 26.3671875]), texRes=128, units='cm', win=Window(...))
10.3323 	EXP 	Created unnamed ImageStim = ImageStim(__class__=<class 'psychopy.visual.image.ImageStim'>, autoLog=True, color=array([1., 1., 1.]), colorSpace='rgb', contrast=1.0, depth=0, flipHoriz=False, flipVert=False, image='Stimuli/instr_image_SS.png', interpolate=False, mask=None, maskParams=None, name='unnamed ImageStim', opacity=1.0, ori=0.0, pos=array([0., 0.]), size=array([42.1875   , 26.3671875]), texRes=128, units='cm', win=Window(...))
10.3512 	EXP 	Created unnamed TextStim = TextStim(__class__=<class 'psychopy.visual.text.TextStim'>, alignHoriz=method-wrapper(...), alignText='center', alignVert=method-wrapper(...), anchorHoriz='center', anchorVert='center', antialias=True, autoLog=True, bold=False, color=array([1., 1., 1.]), colorSpace='rgb', contrast=1.0, depth=0, flipHoriz=False, flipVert=False, font='', fontFiles=[], height=1, italic=False, languageStyle='LTR', name='unnamed TextStim', opacity=1.0, ori=0.0, pos=array([0., 0.]), rgb=array([1., 1., 1.]), text=str(...), units='cm', win=Window(...), wrapWidth=15.0)
10.3563 	EXP 	Created unnamed TextStim = TextStim(__class__=<class 'psychopy.visual.text.TextStim'>, alignHoriz=method-wrapper(...), alignText='center', alignVert=method-wrapper(...), anchorHoriz='center', anchorVert='center', antialias=True, autoLog=True, bold=False, color=array([1., 1., 1.]), colorSpace='rgb', contrast=1.0, depth=0, flipHoriz=False, flipVert=False, font='', fontFiles=[], height=1, italic=False, languageStyle='LTR', name='unnamed TextStim', opacity=1.0, ori=0.0, pos=array([0., 0.]), rgb=array([1., 1., 1.]), text='First lets practice!', units='cm', win=Window(...), wrapWidth=15.0)
10.3609 	EXP 	Created unnamed TextStim = TextStim(__class__=<class 'psychopy.visual.text.TextStim'>, alignHoriz=method-wrapper(...), alignText='center', alignVert=method-wrapper(...), anchorHoriz='center', anchorVert='center', antialias=True, autoLog=True, bold=False, color=array([1., 1., 1.]), colorSpace='rgb', contrast=1.0, depth=0, flipHoriz=False, flipVert=False, font='', fontFiles=[], height=1, italic=False, languageStyle='LTR', name='unnamed TextStim', opacity=1.0, ori=0.0, pos=array([0., 0.]), rgb=array([1., 1., 1.]), text=str(...), units='cm', win=Window(...), wrapWidth=15.0)
10.3677 	EXP 	Created unnamed TextStim = TextStim(__class__=<class 'psychopy.visual.text.TextStim'>, alignHoriz=method-wrapper(...), alignText='center', alignVert=method-wrapper(...), anchorHoriz='center', anchorVert='center', antialias=True, autoLog=True, bold=False, color=array([1., 1., 1.]), colorSpace='rgb', contrast=1.0, depth=0, flipHoriz=False, flipVert=False, font='', fontFiles=[], height=1, italic=False, languageStyle='LTR', name='unnamed TextStim', opacity=1.0, ori=0.0, pos=array([-8.,  0.]), rgb=array([1., 1., 1.]), text=str(...), units='cm', win=Window(...), wrapWidth=15.0)
10.3724 	EXP 	Created unnamed TextStim = TextStim(__class__=<class 'psychopy.visual.text.TextStim'>, alignHoriz=method-wrapper(...), alignText='center', alignVert=method-wrapper(...), anchorHoriz='center', anchorVert='center', antialias=True, autoLog=True, bold=False, color=array([1., 1., 1.]), colorSpace='rgb', contrast=1.0, depth=0, flipHoriz=False, flipVert=False, font='', fontFiles=[], height=1, italic=False, languageStyle='LTR', name='unnamed TextStim', opacity=1.0, ori=0.0, pos=array([-8.,  0.]), rgb=array([1., 1., 1.]), text='Oops! You held the \nbutton for too long', units='cm', win=Window(...), wrapWidth=15.0)
10.3778 	EXP 	Created unnamed TextStim = TextStim(__class__=<class 'psychopy.visual.text.TextStim'>, alignHoriz=method-wrapper(...), alignText='center', alignVert=method-wrapper(...), anchorHoriz='center', anchorVert='center', antialias=True, autoLog=True, bold=False, color=array([1., 1., 1.]), colorSpace='rgb', contrast=1.0, depth=0, flipHoriz=False, flipVert=False, font='', fontFiles=[], height=1, italic=False, languageStyle='LTR', name='unnamed TextStim', opacity=1.0, ori=0.0, pos=array([-8.,  0.]), rgb=array([1., 1., 1.]), text=str(...), units='cm', win=Window(...), wrapWidth=15.0)
10.3836 	EXP 	Created unnamed TextStim = TextStim(__class__=<class 'psychopy.visual.text.TextStim'>, alignHoriz=method-wrapper(...), alignText='center', alignVert=method-wrapper(...), anchorHoriz='center', anchorVert='center', antialias=True, autoLog=True, bold=False, color=array([1., 1., 1.]), colorSpace='rgb', contrast=1.0, depth=0, flipHoriz=False, flipVert=False, font='', fontFiles=[], height=1, italic=False, languageStyle='LTR', name='unnamed TextStim', opacity=1.0, ori=0.0, pos=array([-8.,  0.]), rgb=array([1., 1., 1.]), text='Correct!\nYou withheld your response', units='cm', win=Window(...), wrapWidth=15.0)
10.3906 	EXP 	Created unnamed TextStim = TextStim(__class__=<class 'psychopy.visual.text.TextStim'>, alignHoriz=method-wrapper(...), alignText='center', alignVert=method-wrapper(...), anchorHoriz='center', anchorVert='center', antialias=True, autoLog=True, bold=False, color=array([1., 1., 1.]), colorSpace='rgb', contrast=1.0, depth=0, flipHoriz=False, flipVert=False, font='', fontFiles=[], height=1, italic=False, languageStyle='LTR', name='unnamed TextStim', opacity=1.0, ori=0.0, pos=array([-8.,  0.]), rgb=array([1., 1., 1.]), text='WrongKey - Please press the space key', units='cm', win=Window(...), wrapWidth=15.0)
10.3940 	EXP 	Created unnamed TextStim = TextStim(__class__=<class 'psychopy.visual.text.TextStim'>, alignHoriz=method-wrapper(...), alignText='center', alignVert=method-wrapper(...), anchorHoriz='center', anchorVert='center', antialias=True, autoLog=True, bold=False, color=array([-1., -1., -1.]), colorSpace='rgb', contrast=1.0, depth=0, flipHoriz=False, flipVert=False, font='', fontFiles=[], height=1, italic=False, languageStyle='LTR', name='unnamed TextStim', opacity=1.0, ori=0.0, pos=array([0. , 4.5]), rgb=array([-1., -1., -1.]), text='1', units='cm', win=Window(...), wrapWidth=15.0)
10.3950 	EXP 	Created unnamed ShapeStim = ShapeStim(__class__=<class 'psychopy.visual.shape.ShapeStim'>, autoDraw=False, autoLog=True, closeShape=True, contrast=1.0, depth=0, fillColor='skyblue', fillColorSpace='named', interpolate=True, lineColor='white', lineColorSpace='named', lineWidth=0, name='unnamed ShapeStim', opacity=1.0, ori=array(0.), pos=array([0., 0.]), size=array([1., 1.]), units='cm', vertices=ndarray(...), win=Window(...), windingRule=None)
10.3958 	EXP 	Created unnamed ShapeStim = ShapeStim(__class__=<class 'psychopy.visual.shape.ShapeStim'>, autoDraw=False, autoLog=True, closeShape=True, contrast=1.0, depth=0, fillColor='white', fillColorSpace='named', interpolate=True, lineColor='white', lineColorSpace='named', lineWidth=0, name='unnamed ShapeStim', opacity=1.0, ori=array(0.), pos=array([0., 0.]), size=array([1., 1.]), units='cm', vertices=ndarray(...), win=Window(...), windingRule=None)
10.3966 	EXP 	Created unnamed ShapeStim = ShapeStim(__class__=<class 'psychopy.visual.shape.ShapeStim'>, autoDraw=False, autoLog=True, closeShape=True, contrast=1.0, depth=0, fillColor='yellow', fillColorSpace='named', interpolate=True, lineColor='white', lineColorSpace='named', lineWidth=0, name='unnamed ShapeStim', opacity=1.0, ori=array(0.), pos=array([0., 0.]), size=array([1., 1.]), units='cm', vertices=ndarray(...), win=Window(...), windingRule=None)
10.3976 	EXP 	Created unnamed ShapeStim = ShapeStim(__class__=<class 'psychopy.visual.shape.ShapeStim'>, autoDraw=False, autoLog=True, closeShape=True, contrast=1.0, depth=0, fillColor='yellow', fillColorSpace='named', interpolate=True, lineColor='white', lineColorSpace='named', lineWidth=0, name='unnamed ShapeStim', opacity=1.0, ori=array(0.), pos=array([0., 0.]), size=array([1., 1.]), units='cm', vertices=ndarray(...), win=Window(...), windingRule=None)
10.4019 	EXP 	Created unnamed ImageStim = ImageStim(__class__=<class 'psychopy.visual.image.ImageStim'>, autoLog=True, color=array([1., 1., 1.]), colorSpace='rgb', contrast=1.0, depth=0, flipHoriz=False, flipVert=False, image='Stimuli/SpaceShip_scaled.png', interpolate=False, mask=None, maskParams=None, name='unnamed ImageStim', opacity=1.0, ori=0.0, pos=array([ 0.  , -7.49]), size=array([5.21484375, 1.20117188]), texRes=128, units='cm', win=Window(...))
10.4076 	EXP 	Created unnamed ImageStim = ImageStim(__class__=<class 'psychopy.visual.image.ImageStim'>, autoLog=True, color=array([1., 1., 1.]), colorSpace='rgb', contrast=1.0, depth=0, flipHoriz=False, flipVert=False, image='Stimuli/Practice_Image.png', interpolate=False, mask=None, maskParams=None, name='unnamed ImageStim', opacity=1.0, ori=0.0, pos=array([10.,  0.]), size=array([ 6.15234375, 10.16601562]), texRes=128, units='cm', win=Window(...))
12.4176 	DATA 	Keypress: space
12.9737 	DATA 	Keypress: space
12.9745 	EXP 	New trial (rep=0, index=0): None
12.9748 	EXP 	Created sequence: random, trialTypes=5, nReps=1, seed=None
12.9752 	DEBUG 	Using /Users/rpuri/Documents/GitHub/OSARI_private/OSARI_time_v1.8.py as origin file
12.9758 	EXP 	New trial (rep=0, index=0): OrderedDict([('Signal', 0)])
12.9833 	EXP 	unnamed ShapeStim: fillColor = 'yellow'
12.9833 	EXP 	unnamed ShapeStim: fillColor = 'yellow'
13.4724 	DATA 	Keypress: space
13.9815 	DATA 	Keypress: space
14.0005 	EXP 	unnamed ShapeStim: vertices = [(-1.5, -7.5), (-1.5, -7.49), (1.5, -7.49), (1.5, -7.5)]
14.0005 	EXP 	unnamed TextStim: text = '3'
14.0172 	EXP 	unnamed TextStim: text = '3'
14.0338 	EXP 	unnamed TextStim: text = '3'
14.0505 	EXP 	unnamed TextStim: text = '3'
14.0670 	EXP 	unnamed TextStim: text = '3'
14.0844 	EXP 	unnamed TextStim: text = '3'
14.1004 	EXP 	unnamed TextStim: text = '3'
14.1171 	EXP 	unnamed TextStim: text = '3'
14.1338 	EXP 	unnamed TextStim: text = '3'
14.1504 	EXP 	unnamed TextStim: text = '3'
14.1673 	EXP 	unnamed TextStim: text = '3'
14.1838 	EXP 	unnamed TextStim: text = '3'
14.2004 	EXP 	unnamed TextStim: text = '3'
14.2179 	EXP 	unnamed TextStim: text = '3'
14.2338 	EXP 	unnamed TextStim: text = '3'
14.2505 	EXP 	unnamed TextStim: text = '3'
14.2670 	EXP 	unnamed TextStim: text = '3'
14.2838 	EXP 	unnamed TextStim: text = '3'
14.3004 	EXP 	unnamed TextStim: text = '3'
14.3171 	EXP 	unnamed TextStim: text = '3'
14.3337 	EXP 	unnamed TextStim: text = '3'
14.3504 	EXP 	unnamed TextStim: text = '3'
14.3669 	EXP 	unnamed TextStim: text = '3'
14.3837 	EXP 	unnamed TextStim: text = '3'
14.4004 	EXP 	unnamed TextStim: text = '3'
14.4171 	EXP 	unnamed TextStim: text = '3'
14.4337 	EXP 	unnamed TextStim: text = '3'
14.4504 	EXP 	unnamed TextStim: text = '3'
14.4670 	EXP 	unnamed TextStim: text = '3'
14.4840 	EXP 	unnamed TextStim: text = '3'
14.5005 	EXP 	unnamed TextStim: text = '3'
14.5169 	EXP 	unnamed TextStim: text = '3'
14.5343 	EXP 	unnamed TextStim: text = '3'
14.5504 	EXP 	unnamed TextStim: text = '3'
14.5675 	EXP 	unnamed TextStim: text = '3'
14.5838 	EXP 	unnamed TextStim: text = '3'
14.6005 	EXP 	unnamed TextStim: text = '3'
14.6170 	EXP 	unnamed TextStim: text = '3'
14.6338 	EXP 	unnamed TextStim: text = '3'
14.6508 	EXP 	unnamed TextStim: text = '3'
14.6671 	EXP 	unnamed TextStim: text = '3'
14.6837 	EXP 	unnamed TextStim: text = '3'
14.7006 	EXP 	unnamed TextStim: text = '3'
14.7171 	EXP 	unnamed TextStim: text = '3'
14.7339 	EXP 	unnamed TextStim: text = '3'
14.7504 	EXP 	unnamed TextStim: text = '3'
14.7671 	EXP 	unnamed TextStim: text = '3'
14.7836 	EXP 	unnamed TextStim: text = '3'
14.8004 	EXP 	unnamed TextStim: text = '3'
14.8175 	EXP 	unnamed TextStim: text = '3'
14.8339 	EXP 	unnamed TextStim: text = '3'
14.8504 	EXP 	unnamed TextStim: text = '3'
14.8671 	EXP 	unnamed TextStim: text = '3'
14.8838 	EXP 	unnamed TextStim: text = '3'
14.9008 	EXP 	unnamed TextStim: text = '3'
14.9170 	EXP 	unnamed TextStim: text = '3'
14.9337 	EXP 	unnamed TextStim: text = '3'
14.9503 	EXP 	unnamed TextStim: text = '3'
14.9670 	EXP 	unnamed TextStim: text = '3'
14.9840 	EXP 	unnamed TextStim: text = '3'
15.0003 	EXP 	unnamed TextStim: text = '2'
15.0169 	EXP 	unnamed TextStim: text = '2'
15.0337 	EXP 	unnamed TextStim: text = '2'
15.0503 	EXP 	unnamed TextStim: text = '2'
15.0675 	EXP 	unnamed TextStim: text = '2'
15.0836 	EXP 	unnamed TextStim: text = '2'
15.1003 	EXP 	unnamed TextStim: text = '2'
15.1170 	EXP 	unnamed TextStim: text = '2'
15.1337 	EXP 	unnamed TextStim: text = '2'
15.1506 	EXP 	unnamed TextStim: text = '2'
15.1670 	EXP 	unnamed TextStim: text = '2'
15.1835 	EXP 	unnamed TextStim: text = '2'
15.2004 	EXP 	unnamed TextStim: text = '2'
15.2170 	EXP 	unnamed TextStim: text = '2'
15.2341 	EXP 	unnamed TextStim: text = '2'
15.2503 	EXP 	unnamed TextStim: text = '2'
15.2669 	EXP 	unnamed TextStim: text = '2'
15.2835 	EXP 	unnamed TextStim: text = '2'
15.3003 	EXP 	unnamed TextStim: text = '2'
15.3175 	EXP 	unnamed TextStim: text = '2'
15.3337 	EXP 	unnamed TextStim: text = '2'
15.3503 	EXP 	unnamed TextStim: text = '2'
15.3670 	EXP 	unnamed TextStim: text = '2'
15.3835 	EXP 	unnamed TextStim: text = '2'
15.4006 	EXP 	unnamed TextStim: text = '2'
15.4170 	EXP 	unnamed TextStim: text = '2'
15.4337 	EXP 	unnamed TextStim: text = '2'
15.4505 	EXP 	unnamed TextStim: text = '2'
15.4670 	EXP 	unnamed TextStim: text = '2'
15.4841 	EXP 	unnamed TextStim: text = '2'
15.5004 	EXP 	unnamed TextStim: text = '2'
15.5171 	EXP 	unnamed TextStim: text = '2'
15.5336 	EXP 	unnamed TextStim: text = '2'
15.5503 	EXP 	unnamed TextStim: text = '2'
15.5666 	EXP 	unnamed TextStim: text = '2'
15.5837 	EXP 	unnamed TextStim: text = '2'
15.6003 	EXP 	unnamed TextStim: text = '2'
15.6170 	EXP 	unnamed TextStim: text = '2'
15.6336 	EXP 	unnamed TextStim: text = '2'
15.6505 	EXP 	unnamed TextStim: text = '2'
15.6670 	EXP 	unnamed TextStim: text = '2'
15.6836 	EXP 	unnamed TextStim: text = '2'
15.7003 	EXP 	unnamed TextStim: text = '2'
15.7170 	EXP 	unnamed TextStim: text = '2'
15.7339 	EXP 	unnamed TextStim: text = '2'
15.7503 	EXP 	unnamed TextStim: text = '2'
15.7687 	EXP 	unnamed TextStim: text = '2'
15.7836 	EXP 	unnamed TextStim: text = '2'
15.8003 	EXP 	unnamed TextStim: text = '2'
15.8171 	EXP 	unnamed TextStim: text = '2'
15.8336 	EXP 	unnamed TextStim: text = '2'
15.8503 	EXP 	unnamed TextStim: text = '2'
15.8670 	EXP 	unnamed TextStim: text = '2'
15.8836 	EXP 	unnamed TextStim: text = '2'
15.9004 	EXP 	unnamed TextStim: text = '2'
15.9169 	EXP 	unnamed TextStim: text = '2'
15.9336 	EXP 	unnamed TextStim: text = '2'
15.9503 	EXP 	unnamed TextStim: text = '2'
15.9670 	EXP 	unnamed TextStim: text = '2'
15.9837 	EXP 	unnamed TextStim: text = '2'
16.0003 	EXP 	unnamed TextStim: text = '1'
16.0169 	EXP 	unnamed TextStim: text = '1'
16.0335 	EXP 	unnamed TextStim: text = '1'
16.0502 	EXP 	unnamed TextStim: text = '1'
16.0671 	EXP 	unnamed TextStim: text = '1'
16.0836 	EXP 	unnamed TextStim: text = '1'
16.1003 	EXP 	unnamed TextStim: text = '1'
16.1169 	EXP 	unnamed TextStim: text = '1'
16.1336 	EXP 	unnamed TextStim: text = '1'
16.1504 	EXP 	unnamed TextStim: text = '1'
16.1673 	EXP 	unnamed TextStim: text = '1'
16.1831 	EXP 	unnamed TextStim: text = '1'
16.1995 	EXP 	unnamed TextStim: text = '1'
16.2162 	EXP 	unnamed TextStim: text = '1'
16.2338 	EXP 	unnamed TextStim: text = '1'
16.2502 	EXP 	unnamed TextStim: text = '1'
16.2668 	EXP 	unnamed TextStim: text = '1'
16.2835 	EXP 	unnamed TextStim: text = '1'
16.3002 	EXP 	unnamed TextStim: text = '1'
16.3171 	EXP 	unnamed TextStim: text = '1'
16.3335 	EXP 	unnamed TextStim: text = '1'
16.3503 	EXP 	unnamed TextStim: text = '1'
16.3669 	EXP 	unnamed TextStim: text = '1'
16.3835 	EXP 	unnamed TextStim: text = '1'
16.4004 	EXP 	unnamed TextStim: text = '1'
16.4169 	EXP 	unnamed TextStim: text = '1'
16.4336 	EXP 	unnamed TextStim: text = '1'
16.4504 	EXP 	unnamed TextStim: text = '1'
16.4669 	EXP 	unnamed TextStim: text = '1'
16.4837 	EXP 	unnamed TextStim: text = '1'
16.5002 	EXP 	unnamed TextStim: text = '1'
16.5169 	EXP 	unnamed TextStim: text = '1'
16.5336 	EXP 	unnamed TextStim: text = '1'
16.5503 	EXP 	unnamed TextStim: text = '1'
16.5672 	EXP 	unnamed TextStim: text = '1'
16.5836 	EXP 	unnamed TextStim: text = '1'
16.6003 	EXP 	unnamed TextStim: text = '1'
16.6171 	EXP 	unnamed TextStim: text = '1'
16.6335 	EXP 	unnamed TextStim: text = '1'
16.6504 	EXP 	unnamed TextStim: text = '1'
16.6669 	EXP 	unnamed TextStim: text = '1'
16.6836 	EXP 	unnamed TextStim: text = '1'
16.7003 	EXP 	unnamed TextStim: text = '1'
16.7169 	EXP 	unnamed TextStim: text = '1'
16.7334 	EXP 	unnamed TextStim: text = '1'
16.7503 	EXP 	unnamed TextStim: text = '1'
16.7668 	EXP 	unnamed TextStim: text = '1'
16.7836 	EXP 	unnamed TextStim: text = '1'
16.8002 	EXP 	unnamed TextStim: text = '1'
16.8171 	EXP 	unnamed TextStim: text = '1'
16.8336 	EXP 	unnamed TextStim: text = '1'
16.8502 	EXP 	unnamed TextStim: text = '1'
16.8669 	EXP 	unnamed TextStim: text = '1'
16.8834 	EXP 	unnamed TextStim: text = '1'
16.9004 	EXP 	unnamed TextStim: text = '1'
16.9169 	EXP 	unnamed TextStim: text = '1'
16.9336 	EXP 	unnamed TextStim: text = '1'
16.9502 	EXP 	unnamed TextStim: text = '1'
16.9669 	EXP 	unnamed TextStim: text = '1'
16.9837 	EXP 	unnamed TextStim: text = '1'
17.0002 	EXP 	unnamed TextStim: text = '0'
17.0169 	EXP 	unnamed TextStim: text = '0'
17.0335 	EXP 	unnamed TextStim: text = '0'
17.0502 	EXP 	unnamed TextStim: text = '0'
17.0670 	EXP 	unnamed TextStim: text = '0'
17.0835 	EXP 	unnamed TextStim: text = '0'
17.1002 	EXP 	unnamed TextStim: text = '0'
17.1169 	EXP 	unnamed TextStim: text = '0'
17.1336 	EXP 	unnamed TextStim: text = '0'
17.1503 	EXP 	unnamed TextStim: text = '0'
17.1672 	EXP 	unnamed TextStim: text = '0'
17.1829 	EXP 	unnamed TextStim: text = '0'
17.1996 	EXP 	unnamed TextStim: text = '0'
17.2163 	EXP 	unnamed TextStim: text = '0'
17.2337 	EXP 	unnamed TextStim: text = '0'
17.2502 	EXP 	unnamed TextStim: text = '0'
17.2663 	EXP 	unnamed TextStim: text = '0'
17.2834 	EXP 	unnamed TextStim: text = '0'
17.3002 	EXP 	unnamed TextStim: text = '0'
17.3168 	EXP 	unnamed TextStim: text = '0'
17.3335 	EXP 	unnamed TextStim: text = '0'
17.3502 	EXP 	unnamed TextStim: text = '0'
17.3663 	EXP 	unnamed TextStim: text = '0'
17.3829 	EXP 	unnamed TextStim: text = '0'
17.4004 	EXP 	unnamed TextStim: text = '0'
17.4168 	EXP 	unnamed TextStim: text = '0'
17.4335 	EXP 	unnamed TextStim: text = '0'
17.4502 	EXP 	unnamed TextStim: text = '0'
17.4669 	EXP 	unnamed TextStim: text = '0'
17.4837 	EXP 	unnamed TextStim: text = '0'
17.5002 	EXP 	unnamed TextStim: text = '0'
17.5167 	EXP 	unnamed TextStim: text = '0'
17.5335 	EXP 	unnamed TextStim: text = '0'
17.5502 	EXP 	unnamed TextStim: text = '0'
17.5670 	EXP 	unnamed TextStim: text = '0'
17.5835 	EXP 	unnamed TextStim: text = '0'
17.6002 	EXP 	unnamed TextStim: text = '0'
17.6170 	EXP 	unnamed TextStim: text = '0'
17.6335 	EXP 	unnamed TextStim: text = '0'
17.6504 	EXP 	unnamed TextStim: text = '0'
17.6670 	EXP 	unnamed TextStim: text = '0'
17.6836 	EXP 	unnamed TextStim: text = '0'
17.7002 	EXP 	unnamed TextStim: text = '0'
17.7168 	EXP 	unnamed TextStim: text = '0'
17.7338 	EXP 	unnamed TextStim: text = '0'
17.7502 	EXP 	unnamed TextStim: text = '0'
17.7669 	EXP 	unnamed TextStim: text = '0'
17.7835 	EXP 	unnamed TextStim: text = '0'
17.8002 	EXP 	unnamed TextStim: text = '0'
17.8171 	EXP 	unnamed TextStim: text = '0'
17.8336 	EXP 	unnamed TextStim: text = '0'
17.8502 	EXP 	unnamed TextStim: text = '0'
17.8669 	EXP 	unnamed TextStim: text = '0'
17.8835 	EXP 	unnamed TextStim: text = '0'
17.9004 	EXP 	unnamed TextStim: text = '0'
17.9169 	EXP 	unnamed TextStim: text = '0'
17.9335 	EXP 	unnamed TextStim: text = '0'
17.9502 	EXP 	unnamed TextStim: text = '0'
17.9669 	EXP 	unnamed TextStim: text = '0'
17.9838 	EXP 	unnamed TextStim: text = '0'
17.9843 	EXP 	window1: recordFrameIntervals = True
18.0003 	EXP 	unnamed ShapeStim: autoDraw = True
18.0003 	EXP 	unnamed ShapeStim: autoDraw = True
18.0003 	EXP 	unnamed ShapeStim: autoDraw = True
18.0003 	EXP 	unnamed ShapeStim: autoDraw = True
18.0169 	EXP 	unnamed ShapeStim: vertices = [(-1.5, -7.5), (-1.5, -7.48535258000833), (1.5, -7.48535258000833), (1.5, -7.5)]
18.0334 	EXP 	unnamed ShapeStim: vertices = [(-1.5, -7.5), (-1.5, -7.236524329966633), (1.5, -7.236524329966633), (1.5, -7.5)]
18.0502 	EXP 	unnamed ShapeStim: vertices = [(-1.5, -7.5), (-1.5, -6.987716449695872), (1.5, -6.987716449695872), (1.5, -7.5)]
18.0669 	EXP 	unnamed ShapeStim: vertices = [(-1.5, -7.5), (-1.5, -6.736501430025092), (1.5, -6.736501430025092), (1.5, -7.5)]
18.0835 	EXP 	unnamed ShapeStim: vertices = [(-1.5, -7.5), (-1.5, -6.484876100041438), (1.5, -6.484876100041438), (1.5, -7.5)]
18.1001 	EXP 	unnamed ShapeStim: vertices = [(-1.5, -7.5), (-1.5, -6.237301309922477), (1.5, -6.237301309922477), (1.5, -7.5)]
18.1168 	EXP 	unnamed ShapeStim: vertices = [(-1.5, -7.5), (-1.5, -5.988677570023574), (1.5, -5.988677570023574), (1.5, -7.5)]
18.1335 	EXP 	unnamed ShapeStim: vertices = [(-1.5, -7.5), (-1.5, -5.737101979650324), (1.5, -5.737101979650324), (1.5, -7.5)]
18.1503 	EXP 	unnamed ShapeStim: vertices = [(-1.5, -7.5), (-1.5, -5.487683479916305), (1.5, -5.487683479916305), (1.5, -7.5)]
18.1669 	EXP 	unnamed ShapeStim: vertices = [(-1.5, -7.5), (-1.5, -5.233405309884111), (1.5, -5.233405309884111), (1.5, -7.5)]
18.1835 	EXP 	unnamed ShapeStim: vertices = [(-1.5, -7.5), (-1.5, -4.986234649734106), (1.5, -4.986234649734106), (1.5, -7.5)]
18.2002 	EXP 	unnamed ShapeStim: vertices = [(-1.5, -7.5), (-1.5, -4.726848049797118), (1.5, -4.726848049797118), (1.5, -7.5)]
18.2169 	EXP 	unnamed ShapeStim: vertices = [(-1.5, -7.5), (-1.5, -4.4869846097228585), (1.5, -4.4869846097228585), (1.5, -7.5)]
18.2335 	EXP 	unnamed ShapeStim: vertices = [(-1.5, -7.5), (-1.5, -4.237051579877734), (1.5, -4.237051579877734), (1.5, -7.5)]
18.2502 	EXP 	unnamed ShapeStim: vertices = [(-1.5, -7.5), (-1.5, -3.9857325796422085), (1.5, -3.9857325796422085), (1.5, -7.5)]
18.2667 	EXP 	unnamed ShapeStim: vertices = [(-1.5, -7.5), (-1.5, -3.7373525300447366), (1.5, -3.7373525300447366), (1.5, -7.5)]
18.2835 	EXP 	unnamed ShapeStim: vertices = [(-1.5, -7.5), (-1.5, -3.489136969621759), (1.5, -3.489136969621759), (1.5, -7.5)]
18.3002 	EXP 	unnamed ShapeStim: vertices = [(-1.5, -7.5), (-1.5, -3.237422209969955), (1.5, -3.237422209969955), (1.5, -7.5)]
18.3170 	EXP 	unnamed ShapeStim: vertices = [(-1.5, -7.5), (-1.5, -2.9875310599547813), (1.5, -2.9875310599547813), (1.5, -7.5)]
18.3335 	EXP 	unnamed ShapeStim: vertices = [(-1.5, -7.5), (-1.5, -2.73315016969922), (1.5, -2.73315016969922), (1.5, -7.5)]
18.3502 	EXP 	unnamed ShapeStim: vertices = [(-1.5, -7.5), (-1.5, -2.487889310034225), (1.5, -2.487889310034225), (1.5, -7.5)]
18.3669 	EXP 	unnamed ShapeStim: vertices = [(-1.5, -7.5), (-1.5, -2.2368148697225845), (1.5, -2.2368148697225845), (1.5, -7.5)]
18.3835 	EXP 	unnamed ShapeStim: vertices = [(-1.5, -7.5), (-1.5, -1.985448410016252), (1.5, -1.985448410016252), (1.5, -7.5)]
18.4003 	EXP 	unnamed ShapeStim: vertices = [(-1.5, -7.5), (-1.5, -1.7370422599581072), (1.5, -1.7370422599581072), (1.5, -7.5)]
18.4168 	EXP 	unnamed ShapeStim: vertices = [(-1.5, -7.5), (-1.5, -1.48381987968809), (1.5, -1.48381987968809), (1.5, -7.5)]
18.4335 	EXP 	unnamed ShapeStim: vertices = [(-1.5, -7.5), (-1.5, -1.238028949776199), (1.5, -1.238028949776199), (1.5, -7.5)]
18.4502 	EXP 	unnamed ShapeStim: vertices = [(-1.5, -7.5), (-1.5, -0.9878306597622579), (1.5, -0.9878306597622579), (1.5, -7.5)]
18.4669 	EXP 	unnamed ShapeStim: vertices = [(-1.5, -7.5), (-1.5, -0.7372076299018229), (1.5, -0.7372076299018229), (1.5, -7.5)]
18.4837 	EXP 	unnamed ShapeStim: vertices = [(-1.5, -7.5), (-1.5, -0.48681850970955587), (1.5, -0.48681850970955587), (1.5, -7.5)]
18.5000 	EXP 	unnamed ShapeStim: vertices = [(-1.5, -7.5), (-1.5, -0.23385589989833555), (1.5, -0.23385589989833555), (1.5, -7.5)]
18.5169 	EXP 	unnamed ShapeStim: vertices = [(-1.5, -7.5), (-1.5, 0.009446245201397474), (1.5, 0.009446245201397474), (1.5, -7.5)]
18.5334 	EXP 	unnamed ShapeStim: vertices = [(-1.5, -7.5), (-1.5, 0.26292703037848675), (1.5, 0.26292703037848675), (1.5, -7.5)]
18.5502 	EXP 	unnamed ShapeStim: vertices = [(-1.5, -7.5), (-1.5, 0.5101600453397257), (1.5, 0.5101600453397257), (1.5, -7.5)]
18.5670 	EXP 	unnamed ShapeStim: vertices = [(-1.5, -7.5), (-1.5, 0.7625997702032326), (1.5, 0.7625997702032326), (1.5, -7.5)]
18.5836 	EXP 	unnamed ShapeStim: vertices = [(-1.5, -7.5), (-1.5, 1.0158931002276947), (1.5, 1.0158931002276947), (1.5, -7.5)]
18.6002 	EXP 	unnamed ShapeStim: vertices = [(-1.5, -7.5), (-1.5, 1.2636464803270062), (1.5, 1.2636464803270062), (1.5, -7.5)]
18.6169 	EXP 	unnamed ShapeStim: vertices = [(-1.5, -7.5), (-1.5, 1.5130694202869197), (1.5, 1.5130694202869197), (1.5, -7.5)]
18.6334 	EXP 	unnamed ShapeStim: vertices = [(-1.5, -7.5), (-1.5, 1.7631488199892917), (1.5, 1.7631488199892917), (1.5, -7.5)]
18.6504 	EXP 	unnamed ShapeStim: vertices = [(-1.5, -7.5), (-1.5, 2.011138030173024), (1.5, 2.011138030173024), (1.5, -7.5)]
18.6668 	EXP 	unnamed ShapeStim: vertices = [(-1.5, -7.5), (-1.5, 2.2666950699547304), (1.5, 2.2666950699547304), (1.5, -7.5)]
18.6835 	EXP 	unnamed ShapeStim: vertices = [(-1.5, -7.5), (-1.5, 2.5122923202777745), (1.5, 2.5122923202777745), (1.5, -7.5)]
18.7002 	EXP 	unnamed ShapeStim: vertices = [(-1.5, -7.5), (-1.5, 2.7626092901825903), (1.5, 2.7626092901825903), (1.5, -7.5)]
18.7168 	EXP 	unnamed ShapeStim: vertices = [(-1.5, -7.5), (-1.5, 3.0129274300613904), (1.5, 3.0129274300613904), (1.5, -7.5)]
18.7337 	EXP 	unnamed ShapeStim: vertices = [(-1.5, -7.5), (-1.5, 3.262866640250431), (1.5, 3.262866640250431), (1.5, -7.5)]
18.7502 	EXP 	unnamed ShapeStim: vertices = [(-1.5, -7.5), (-1.5, 3.517842400285881), (1.5, 3.517842400285881), (1.5, -7.5)]
18.7663 	EXP 	unnamed ShapeStim: vertices = [(-1.5, -7.5), (-1.5, 3.762637390280142), (1.5, 3.762637390280142), (1.5, -7.5)]
18.7836 	EXP 	unnamed ShapeStim: vertices = [(-1.5, -7.5), (-1.5, 4.002995305015938), (1.5, 4.002995305015938), (1.5, -7.5)]
18.7837 	EXP 	window1: recordFrameIntervals = False
18.7837 	WARNING 	Stopping key buffers but this could be dangerous ifother keyboards rely on the same.
18.7920 	EXP 	Created unnamed TextStim = TextStim(__class__=<class 'psychopy.visual.text.TextStim'>, alignHoriz=method-wrapper(...), alignText='center', alignVert=method-wrapper(...), anchorHoriz='center', anchorVert='center', antialias=True, autoLog=True, bold=False, color=array([1., 1., 1.]), colorSpace='rgb', contrast=1.0, depth=0, flipHoriz=False, flipVert=False, font='', fontFiles=[], height=1, italic=False, languageStyle='LTR', name='unnamed TextStim', opacity=1.0, ori=0.0, pos=array([-8.,  0.]), rgb=array([1., 1., 1.]), text='You stopped the bar \n 34 ms from the target!', units='cm', win=Window(...), wrapWidth=15.0)
18.8001 	EXP 	unnamed ShapeStim: fillColor = 'Green'
18.8001 	EXP 	unnamed ShapeStim: fillColor = 'Green'
18.8001 	EXP 	unnamed TextStim: autoDraw = True
20.8038 	EXP 	New trial (rep=0, index=1): OrderedDict([('Signal', 0)])
20.8168 	EXP 	unnamed TextStim: autoDraw = False
20.8168 	EXP 	unnamed ShapeStim: autoDraw = False
20.8168 	EXP 	unnamed ShapeStim: autoDraw = False
20.8168 	EXP 	unnamed ShapeStim: autoDraw = False
20.8168 	EXP 	unnamed ShapeStim: autoDraw = False
20.8168 	EXP 	unnamed ShapeStim: fillColor = 'yellow'
20.8168 	EXP 	unnamed ShapeStim: fillColor = 'yellow'
21.4803 	DATA 	Keypress: space
21.5001 	EXP 	unnamed ShapeStim: vertices = [(-1.5, -7.5), (-1.5, -7.49), (1.5, -7.49), (1.5, -7.5)]
21.5001 	EXP 	unnamed TextStim: text = '3'
21.5168 	EXP 	unnamed TextStim: text = '3'
21.5336 	EXP 	unnamed TextStim: text = '3'
21.5501 	EXP 	unnamed TextStim: text = '3'
21.5669 	EXP 	unnamed TextStim: text = '3'
21.5836 	EXP 	unnamed TextStim: text = '3'
21.6002 	EXP 	unnamed TextStim: text = '3'
21.6168 	EXP 	unnamed TextStim: text = '3'
21.6335 	EXP 	unnamed TextStim: text = '3'
21.6503 	EXP 	unnamed TextStim: text = '3'
21.6668 	EXP 	unnamed TextStim: text = '3'
21.6835 	EXP 	unnamed TextStim: text = '3'
21.7001 	EXP 	unnamed TextStim: text = '3'
21.7169 	EXP 	unnamed TextStim: text = '3'
21.7335 	EXP 	unnamed TextStim: text = '3'
21.7502 	EXP 	unnamed TextStim: text = '3'
21.7668 	EXP 	unnamed TextStim: text = '3'
21.7835 	EXP 	unnamed TextStim: text = '3'
21.8002 	EXP 	unnamed TextStim: text = '3'
21.8168 	EXP 	unnamed TextStim: text = '3'
21.8335 	EXP 	unnamed TextStim: text = '3'
21.8502 	EXP 	unnamed TextStim: text = '3'
21.8669 	EXP 	unnamed TextStim: text = '3'
21.8835 	EXP 	unnamed TextStim: text = '3'
21.9002 	EXP 	unnamed TextStim: text = '3'
21.9167 	EXP 	unnamed TextStim: text = '3'
21.9335 	EXP 	unnamed TextStim: text = '3'
21.9502 	EXP 	unnamed TextStim: text = '3'
21.9668 	EXP 	unnamed TextStim: text = '3'
21.9829 	EXP 	unnamed TextStim: text = '3'
22.0001 	EXP 	unnamed TextStim: text = '3'
22.0167 	EXP 	unnamed TextStim: text = '3'
22.0335 	EXP 	unnamed TextStim: text = '3'
22.0502 	EXP 	unnamed TextStim: text = '3'
22.0668 	EXP 	unnamed TextStim: text = '3'
22.0835 	EXP 	unnamed TextStim: text = '3'
22.1002 	EXP 	unnamed TextStim: text = '3'
22.1169 	EXP 	unnamed TextStim: text = '3'
22.1335 	EXP 	unnamed TextStim: text = '3'
22.1501 	EXP 	unnamed TextStim: text = '3'
22.1669 	EXP 	unnamed TextStim: text = '3'
22.1835 	EXP 	unnamed TextStim: text = '3'
22.2001 	EXP 	unnamed TextStim: text = '3'
22.2168 	EXP 	unnamed TextStim: text = '3'
22.2336 	EXP 	unnamed TextStim: text = '3'
22.2502 	EXP 	unnamed TextStim: text = '3'
22.2667 	EXP 	unnamed TextStim: text = '3'
22.2835 	EXP 	unnamed TextStim: text = '3'
22.3001 	EXP 	unnamed TextStim: text = '3'
22.3171 	EXP 	unnamed TextStim: text = '3'
22.3335 	EXP 	unnamed TextStim: text = '3'
22.3502 	EXP 	unnamed TextStim: text = '3'
22.3668 	EXP 	unnamed TextStim: text = '3'
22.3835 	EXP 	unnamed TextStim: text = '3'
22.4004 	EXP 	unnamed TextStim: text = '3'
22.4168 	EXP 	unnamed TextStim: text = '3'
22.4335 	EXP 	unnamed TextStim: text = '3'
22.4501 	EXP 	unnamed TextStim: text = '3'
22.4669 	EXP 	unnamed TextStim: text = '3'
22.4838 	EXP 	unnamed TextStim: text = '3'
22.5003 	EXP 	unnamed TextStim: text = '2'
22.5169 	EXP 	unnamed TextStim: text = '2'
22.5335 	EXP 	unnamed TextStim: text = '2'
22.5503 	EXP 	unnamed TextStim: text = '2'
22.5672 	EXP 	unnamed TextStim: text = '2'
22.5834 	EXP 	unnamed TextStim: text = '2'
22.6002 	EXP 	unnamed TextStim: text = '2'
22.6169 	EXP 	unnamed TextStim: text = '2'
22.6335 	EXP 	unnamed TextStim: text = '2'
22.6506 	EXP 	unnamed TextStim: text = '2'
22.6667 	EXP 	unnamed TextStim: text = '2'
22.6835 	EXP 	unnamed TextStim: text = '2'
22.7002 	EXP 	unnamed TextStim: text = '2'
22.7170 	EXP 	unnamed TextStim: text = '2'
22.7339 	EXP 	unnamed TextStim: text = '2'
22.7502 	EXP 	unnamed TextStim: text = '2'
22.7669 	EXP 	unnamed TextStim: text = '2'
22.7835 	EXP 	unnamed TextStim: text = '2'
22.8003 	EXP 	unnamed TextStim: text = '2'
22.8172 	EXP 	unnamed TextStim: text = '2'
22.8335 	EXP 	unnamed TextStim: text = '2'
22.8501 	EXP 	unnamed TextStim: text = '2'
22.8669 	EXP 	unnamed TextStim: text = '2'
22.8837 	EXP 	unnamed TextStim: text = '2'
22.9005 	EXP 	unnamed TextStim: text = '2'
22.9169 	EXP 	unnamed TextStim: text = '2'
22.9335 	EXP 	unnamed TextStim: text = '2'
22.9502 	EXP 	unnamed TextStim: text = '2'
22.9668 	EXP 	unnamed TextStim: text = '2'
22.9839 	EXP 	unnamed TextStim: text = '2'
23.0001 	EXP 	unnamed TextStim: text = '2'
23.0168 	EXP 	unnamed TextStim: text = '2'
23.0336 	EXP 	unnamed TextStim: text = '2'
23.0502 	EXP 	unnamed TextStim: text = '2'
23.0673 	EXP 	unnamed TextStim: text = '2'
23.0834 	EXP 	unnamed TextStim: text = '2'
23.1001 	EXP 	unnamed TextStim: text = '2'
23.1169 	EXP 	unnamed TextStim: text = '2'
23.1335 	EXP 	unnamed TextStim: text = '2'
23.1505 	EXP 	unnamed TextStim: text = '2'
23.1669 	EXP 	unnamed TextStim: text = '2'
23.1835 	EXP 	unnamed TextStim: text = '2'
23.2001 	EXP 	unnamed TextStim: text = '2'
23.2168 	EXP 	unnamed TextStim: text = '2'
23.2339 	EXP 	unnamed TextStim: text = '2'
23.2502 	EXP 	unnamed TextStim: text = '2'
23.2668 	EXP 	unnamed TextStim: text = '2'
23.2835 	EXP 	unnamed TextStim: text = '2'
23.3002 	EXP 	unnamed TextStim: text = '2'
23.3171 	EXP 	unnamed TextStim: text = '2'
23.3335 	EXP 	unnamed TextStim: text = '2'
23.3502 	EXP 	unnamed TextStim: text = '2'
23.3668 	EXP 	unnamed TextStim: text = '2'
23.3835 	EXP 	unnamed TextStim: text = '2'
23.4005 	EXP 	unnamed TextStim: text = '2'
23.4168 	EXP 	unnamed TextStim: text = '2'
23.4337 	EXP 	unnamed TextStim: text = '2'
23.4502 	EXP 	unnamed TextStim: text = '2'
23.4669 	EXP 	unnamed TextStim: text = '2'
23.4839 	EXP 	unnamed TextStim: text = '2'
23.5003 	EXP 	unnamed TextStim: text = '1'
23.5168 	EXP 	unnamed TextStim: text = '1'
23.5335 	EXP 	unnamed TextStim: text = '1'
23.5502 	EXP 	unnamed TextStim: text = '1'
23.5672 	EXP 	unnamed TextStim: text = '1'
23.5835 	EXP 	unnamed TextStim: text = '1'
23.6004 	EXP 	unnamed TextStim: text = '1'
23.6170 	EXP 	unnamed TextStim: text = '1'
23.6334 	EXP 	unnamed TextStim: text = '1'
23.6506 	EXP 	unnamed TextStim: text = '1'
23.6667 	EXP 	unnamed TextStim: text = '1'
23.6835 	EXP 	unnamed TextStim: text = '1'
23.7002 	EXP 	unnamed TextStim: text = '1'
23.7169 	EXP 	unnamed TextStim: text = '1'
23.7336 	EXP 	unnamed TextStim: text = '1'
23.7502 	EXP 	unnamed TextStim: text = '1'
23.7669 	EXP 	unnamed TextStim: text = '1'
23.7835 	EXP 	unnamed TextStim: text = '1'
23.8173 	EXP 	unnamed TextStim: text = '1'
23.8337 	EXP 	unnamed TextStim: text = '1'
23.8502 	EXP 	unnamed TextStim: text = '1'
23.8668 	EXP 	unnamed TextStim: text = '1'
23.8829 	EXP 	unnamed TextStim: text = '1'
23.8999 	EXP 	unnamed TextStim: text = '1'
23.9164 	EXP 	unnamed TextStim: text = '1'
23.9331 	EXP 	unnamed TextStim: text = '1'
23.9503 	EXP 	unnamed TextStim: text = '1'
23.9670 	EXP 	unnamed TextStim: text = '1'
23.9839 	EXP 	unnamed TextStim: text = '1'
24.0004 	EXP 	unnamed TextStim: text = '1'
24.0169 	EXP 	unnamed TextStim: text = '1'
24.0335 	EXP 	unnamed TextStim: text = '1'
24.0502 	EXP 	unnamed TextStim: text = '1'
24.0673 	EXP 	unnamed TextStim: text = '1'
24.0836 	EXP 	unnamed TextStim: text = '1'
24.1002 	EXP 	unnamed TextStim: text = '1'
24.1169 	EXP 	unnamed TextStim: text = '1'
24.1336 	EXP 	unnamed TextStim: text = '1'
24.1507 	EXP 	unnamed TextStim: text = '1'
24.1670 	EXP 	unnamed TextStim: text = '1'
24.1836 	EXP 	unnamed TextStim: text = '1'
24.2003 	EXP 	unnamed TextStim: text = '1'
24.2169 	EXP 	unnamed TextStim: text = '1'
24.2339 	EXP 	unnamed TextStim: text = '1'
24.2503 	EXP 	unnamed TextStim: text = '1'
24.2670 	EXP 	unnamed TextStim: text = '1'
24.2836 	EXP 	unnamed TextStim: text = '1'
24.3003 	EXP 	unnamed TextStim: text = '1'
24.3172 	EXP 	unnamed TextStim: text = '1'
24.3335 	EXP 	unnamed TextStim: text = '1'
24.3503 	EXP 	unnamed TextStim: text = '1'
24.3669 	EXP 	unnamed TextStim: text = '1'
24.3836 	EXP 	unnamed TextStim: text = '1'
24.4007 	EXP 	unnamed TextStim: text = '1'
24.4170 	EXP 	unnamed TextStim: text = '1'
24.4336 	EXP 	unnamed TextStim: text = '1'
24.4503 	EXP 	unnamed TextStim: text = '1'
24.4668 	EXP 	unnamed TextStim: text = '1'
24.4840 	EXP 	unnamed TextStim: text = '1'
24.5003 	EXP 	unnamed TextStim: text = '0'
24.5169 	EXP 	unnamed TextStim: text = '0'
24.5335 	EXP 	unnamed TextStim: text = '0'
24.5503 	EXP 	unnamed TextStim: text = '0'
24.5672 	EXP 	unnamed TextStim: text = '0'
24.5836 	EXP 	unnamed TextStim: text = '0'
24.6003 	EXP 	unnamed TextStim: text = '0'
24.6170 	EXP 	unnamed TextStim: text = '0'
24.6337 	EXP 	unnamed TextStim: text = '0'
24.6507 	EXP 	unnamed TextStim: text = '0'
24.6669 	EXP 	unnamed TextStim: text = '0'
24.6837 	EXP 	unnamed TextStim: text = '0'
24.7005 	EXP 	unnamed TextStim: text = '0'
24.7170 	EXP 	unnamed TextStim: text = '0'
24.7341 	EXP 	unnamed TextStim: text = '0'
24.7503 	EXP 	unnamed TextStim: text = '0'
24.7669 	EXP 	unnamed TextStim: text = '0'
24.7836 	EXP 	unnamed TextStim: text = '0'
24.8003 	EXP 	unnamed TextStim: text = '0'
24.8172 	EXP 	unnamed TextStim: text = '0'
24.8336 	EXP 	unnamed TextStim: text = '0'
24.8503 	EXP 	unnamed TextStim: text = '0'
24.8669 	EXP 	unnamed TextStim: text = '0'
24.8836 	EXP 	unnamed TextStim: text = '0'
24.9006 	EXP 	unnamed TextStim: text = '0'
24.9169 	EXP 	unnamed TextStim: text = '0'
24.9336 	EXP 	unnamed TextStim: text = '0'
24.9503 	EXP 	unnamed TextStim: text = '0'
24.9670 	EXP 	unnamed TextStim: text = '0'
24.9838 	EXP 	unnamed TextStim: text = '0'
25.0004 	EXP 	unnamed TextStim: text = '0'
25.0170 	EXP 	unnamed TextStim: text = '0'
25.0334 	EXP 	unnamed TextStim: text = '0'
25.0502 	EXP 	unnamed TextStim: text = '0'
25.0673 	EXP 	unnamed TextStim: text = '0'
25.0836 	EXP 	unnamed TextStim: text = '0'
25.1003 	EXP 	unnamed TextStim: text = '0'
25.1169 	EXP 	unnamed TextStim: text = '0'
25.1336 	EXP 	unnamed TextStim: text = '0'
25.1506 	EXP 	unnamed TextStim: text = '0'
25.1669 	EXP 	unnamed TextStim: text = '0'
25.1836 	EXP 	unnamed TextStim: text = '0'
25.2003 	EXP 	unnamed TextStim: text = '0'
25.2169 	EXP 	unnamed TextStim: text = '0'
25.2340 	EXP 	unnamed TextStim: text = '0'
25.2502 	EXP 	unnamed TextStim: text = '0'
25.2671 	EXP 	unnamed TextStim: text = '0'
25.2835 	EXP 	unnamed TextStim: text = '0'
25.3003 	EXP 	unnamed TextStim: text = '0'
25.3168 	EXP 	unnamed TextStim: text = '0'
25.3338 	EXP 	unnamed TextStim: text = '0'
25.3502 	EXP 	unnamed TextStim: text = '0'
25.3669 	EXP 	unnamed TextStim: text = '0'
25.3835 	EXP 	unnamed TextStim: text = '0'
25.4007 	EXP 	unnamed TextStim: text = '0'
25.4170 	EXP 	unnamed TextStim: text = '0'
25.4338 	EXP 	unnamed TextStim: text = '0'
25.4501 	EXP 	unnamed TextStim: text = '0'
25.4669 	EXP 	unnamed TextStim: text = '0'
25.4839 	EXP 	unnamed TextStim: text = '0'
25.4843 	EXP 	window1: recordFrameIntervals = True
25.5000 	EXP 	unnamed ShapeStim: autoDraw = True
25.5000 	EXP 	unnamed ShapeStim: autoDraw = True
25.5000 	EXP 	unnamed ShapeStim: autoDraw = True
25.5000 	EXP 	unnamed ShapeStim: autoDraw = True
25.5170 	EXP 	unnamed ShapeStim: vertices = [(-1.5, -7.5), (-1.5, -7.485021799986717), (1.5, -7.485021799986717), (1.5, -7.5)]
25.5337 	EXP 	unnamed ShapeStim: vertices = [(-1.5, -7.5), (-1.5, -7.23099340979592), (1.5, -7.23099340979592), (1.5, -7.5)]
25.5504 	EXP 	unnamed ShapeStim: vertices = [(-1.5, -7.5), (-1.5, -6.981162349731894), (1.5, -6.981162349731894), (1.5, -7.5)]
25.5672 	EXP 	unnamed ShapeStim: vertices = [(-1.5, -7.5), (-1.5, -6.730976779692574), (1.5, -6.730976779692574), (1.5, -7.5)]
25.5836 	EXP 	unnamed ShapeStim: vertices = [(-1.5, -7.5), (-1.5, -6.4765678249043415), (1.5, -6.4765678249043415), (1.5, -7.5)]
25.6003 	EXP 	unnamed ShapeStim: vertices = [(-1.5, -7.5), (-1.5, -6.232060459917411), (1.5, -6.232060459917411), (1.5, -7.5)]
25.6170 	EXP 	unnamed ShapeStim: vertices = [(-1.5, -7.5), (-1.5, -5.981900449880632), (1.5, -5.981900449880632), (1.5, -7.5)]
25.6336 	EXP 	unnamed ShapeStim: vertices = [(-1.5, -7.5), (-1.5, -5.730652654785663), (1.5, -5.730652654785663), (1.5, -7.5)]
25.6507 	EXP 	unnamed ShapeStim: vertices = [(-1.5, -7.5), (-1.5, -5.481524749959354), (1.5, -5.481524749959354), (1.5, -7.5)]
25.6670 	EXP 	unnamed ShapeStim: vertices = [(-1.5, -7.5), (-1.5, -5.225059400001774), (1.5, -5.225059400001774), (1.5, -7.5)]
25.6836 	EXP 	unnamed ShapeStim: vertices = [(-1.5, -7.5), (-1.5, -4.981377229889622), (1.5, -4.981377229889622), (1.5, -7.5)]
25.7002 	EXP 	unnamed ShapeStim: vertices = [(-1.5, -7.5), (-1.5, -4.730915959846461), (1.5, -4.730915959846461), (1.5, -7.5)]
25.7169 	EXP 	unnamed ShapeStim: vertices = [(-1.5, -7.5), (-1.5, -4.483415749893757), (1.5, -4.483415749893757), (1.5, -7.5)]
25.7338 	EXP 	unnamed ShapeStim: vertices = [(-1.5, -7.5), (-1.5, -4.232591059737606), (1.5, -4.232591059737606), (1.5, -7.5)]
25.7502 	EXP 	unnamed ShapeStim: vertices = [(-1.5, -7.5), (-1.5, -3.9770967497699896), (1.5, -3.9770967497699896), (1.5, -7.5)]
25.7669 	EXP 	unnamed ShapeStim: vertices = [(-1.5, -7.5), (-1.5, -3.7320851299248172), (1.5, -3.7320851299248172), (1.5, -7.5)]
25.7836 	EXP 	unnamed ShapeStim: vertices = [(-1.5, -7.5), (-1.5, -3.4816226597852076), (1.5, -3.4816226597852076), (1.5, -7.5)]
25.8003 	EXP 	unnamed ShapeStim: vertices = [(-1.5, -7.5), (-1.5, -3.232458979948424), (1.5, -3.232458979948424), (1.5, -7.5)]
25.8172 	EXP 	unnamed ShapeStim: vertices = [(-1.5, -7.5), (-1.5, -2.981006060037762), (1.5, -2.981006060037762), (1.5, -7.5)]
25.8336 	EXP 	unnamed ShapeStim: vertices = [(-1.5, -7.5), (-1.5, -2.7264306498202497), (1.5, -2.7264306498202497), (1.5, -7.5)]
25.8502 	EXP 	unnamed ShapeStim: vertices = [(-1.5, -7.5), (-1.5, -2.4821332999656445), (1.5, -2.4821332999656445), (1.5, -7.5)]
25.8670 	EXP 	unnamed ShapeStim: vertices = [(-1.5, -7.5), (-1.5, -2.232737809865503), (1.5, -2.232737809865503), (1.5, -7.5)]
25.8836 	EXP 	unnamed ShapeStim: vertices = [(-1.5, -7.5), (-1.5, -1.9811605548986702), (1.5, -1.9811605548986702), (1.5, -7.5)]
25.9006 	EXP 	unnamed ShapeStim: vertices = [(-1.5, -7.5), (-1.5, -1.7326549099036495), (1.5, -1.7326549099036495), (1.5, -7.5)]
25.9169 	EXP 	unnamed ShapeStim: vertices = [(-1.5, -7.5), (-1.5, -1.475913649958093), (1.5, -1.475913649958093), (1.5, -7.5)]
25.9337 	EXP 	unnamed ShapeStim: vertices = [(-1.5, -7.5), (-1.5, -1.2324744799500333), (1.5, -1.2324744799500333), (1.5, -7.5)]
25.9503 	EXP 	unnamed ShapeStim: vertices = [(-1.5, -7.5), (-1.5, -0.9808967600495091), (1.5, -0.9808967600495091), (1.5, -7.5)]
25.9668 	EXP 	unnamed ShapeStim: vertices = [(-1.5, -7.5), (-1.5, -0.7323932297388094), (1.5, -0.7323932297388094), (1.5, -7.5)]
25.9839 	EXP 	unnamed ShapeStim: vertices = [(-1.5, -7.5), (-1.5, -0.48355672963429264), (1.5, -0.48355672963429264), (1.5, -7.5)]
26.0004 	EXP 	unnamed ShapeStim: vertices = [(-1.5, -7.5), (-1.5, -0.2261885596474169), (1.5, -0.2261885596474169), (1.5, -7.5)]
26.0170 	EXP 	unnamed ShapeStim: vertices = [(-1.5, -7.5), (-1.5, 0.01991320004686692), (1.5, 0.01991320004686692), (1.5, -7.5)]
26.0335 	EXP 	unnamed ShapeStim: vertices = [(-1.5, -7.5), (-1.5, 0.268243870193837), (1.5, 0.268243870193837), (1.5, -7.5)]
26.0503 	EXP 	unnamed ShapeStim: vertices = [(-1.5, -7.5), (-1.5, 0.5159690949565263), (1.5, 0.5159690949565263), (1.5, -7.5)]
26.0672 	EXP 	unnamed ShapeStim: vertices = [(-1.5, -7.5), (-1.5, 0.768727900101803), (1.5, 0.768727900101803), (1.5, -7.5)]
26.0836 	EXP 	unnamed ShapeStim: vertices = [(-1.5, -7.5), (-1.5, 1.0232713303028138), (1.5, 1.0232713303028138), (1.5, -7.5)]
26.1004 	EXP 	unnamed ShapeStim: vertices = [(-1.5, -7.5), (-1.5, 1.2672440202347932), (1.5, 1.2672440202347932), (1.5, -7.5)]
26.1169 	EXP 	unnamed ShapeStim: vertices = [(-1.5, -7.5), (-1.5, 1.520370370087912), (1.5, 1.520370370087912), (1.5, -7.5)]
26.1336 	EXP 	unnamed ShapeStim: vertices = [(-1.5, -7.5), (-1.5, 1.7668623401166403), (1.5, 1.7668623401166403), (1.5, -7.5)]
26.1505 	EXP 	unnamed ShapeStim: vertices = [(-1.5, -7.5), (-1.5, 2.0182191702385897), (1.5, 2.0182191702385897), (1.5, -7.5)]
26.1668 	EXP 	unnamed ShapeStim: vertices = [(-1.5, -7.5), (-1.5, 2.273410390150966), (1.5, 2.273410390150966), (1.5, -7.5)]
26.1836 	EXP 	unnamed ShapeStim: vertices = [(-1.5, -7.5), (-1.5, 2.5163824000244492), (1.5, 2.5163824000244492), (1.5, -7.5)]
26.2003 	EXP 	unnamed ShapeStim: vertices = [(-1.5, -7.5), (-1.5, 2.7679455703380516), (1.5, 2.7679455703380516), (1.5, -7.5)]
26.2169 	EXP 	unnamed ShapeStim: vertices = [(-1.5, -7.5), (-1.5, 3.017959045062307), (1.5, 3.017959045062307), (1.5, -7.5)]
26.2338 	EXP 	unnamed ShapeStim: vertices = [(-1.5, -7.5), (-1.5, 3.267448270160239), (1.5, 3.267448270160239), (1.5, -7.5)]
26.2503 	EXP 	unnamed ShapeStim: vertices = [(-1.5, -7.5), (-1.5, 3.5229043900815302), (1.5, 3.5229043900815302), (1.5, -7.5)]
26.2670 	EXP 	unnamed ShapeStim: vertices = [(-1.5, -7.5), (-1.5, 3.768047620212892), (1.5, 3.768047620212892), (1.5, -7.5)]
26.2835 	EXP 	unnamed ShapeStim: vertices = [(-1.5, -7.5), (-1.5, 4.017940150186186), (1.5, 4.017940150186186), (1.5, -7.5)]
26.3002 	EXP 	unnamed ShapeStim: vertices = [(-1.5, -7.5), (-1.5, 4.26657112034969), (1.5, 4.26657112034969), (1.5, -7.5)]
26.3174 	EXP 	unnamed ShapeStim: vertices = [(-1.5, -7.5), (-1.5, 4.516608490046346), (1.5, 4.516608490046346), (1.5, -7.5)]
26.3335 	EXP 	unnamed ShapeStim: vertices = [(-1.5, -7.5), (-1.5, 4.778029990373179), (1.5, 4.778029990373179), (1.5, -7.5)]
26.3503 	EXP 	unnamed ShapeStim: vertices = [(-1.5, -7.5), (-1.5, 5.017238590333145), (1.5, 5.017238590333145), (1.5, -7.5)]
26.3504 	EXP 	window1: recordFrameIntervals = False
26.3504 	WARNING 	Stopping key buffers but this could be dangerous ifother keyboards rely on the same.
26.3566 	EXP 	Created unnamed TextStim = TextStim(__class__=<class 'psychopy.visual.text.TextStim'>, alignHoriz=method-wrapper(...), alignText='center', alignVert=method-wrapper(...), anchorHoriz='center', anchorVert='center', antialias=True, autoLog=True, bold=False, color=array([1., 1., 1.]), colorSpace='rgb', contrast=1.0, depth=0, flipHoriz=False, flipVert=False, font='', fontFiles=[], height=1, italic=False, languageStyle='LTR', name='unnamed TextStim', opacity=1.0, ori=0.0, pos=array([-8.,  0.]), rgb=array([1., 1., 1.]), text='You stopped the bar \n 34 ms from the target!', units='cm', win=Window(...), wrapWidth=15.0)
26.3669 	EXP 	unnamed ShapeStim: fillColor = 'Green'
26.3669 	EXP 	unnamed ShapeStim: fillColor = 'Green'
26.3669 	EXP 	unnamed TextStim: autoDraw = True
28.1729 	DATA 	Keypress: escape
28.1783 	DATA 	Keypress: escape
28.3703 	EXP 	New trial (rep=0, index=2): OrderedDict([('Signal', 0)])
28.3838 	EXP 	unnamed TextStim: autoDraw = False
28.3838 	EXP 	unnamed ShapeStim: autoDraw = False
28.3838 	EXP 	unnamed ShapeStim: autoDraw = False
28.3838 	EXP 	unnamed ShapeStim: autoDraw = False
28.3838 	EXP 	unnamed ShapeStim: autoDraw = False
28.3838 	EXP 	unnamed ShapeStim: fillColor = 'yellow'
28.3838 	EXP 	unnamed ShapeStim: fillColor = 'yellow'
28.7892 	DATA 	Keypress: escape
29.0752 	EXP 	window1: mouseVisible = True
29.0867 	DEBUG 	Saving data for OSARI ExperimentHandler
29.0880 	INFO 	saved data to /Users/rpuri/Documents/GitHub/OSARI_private/data/s_0_OSARI_2020_Jul_21_1956.psydat
29.0892 	INFO 	saved data to '/Users/rpuri/Documents/GitHub/OSARI_private/data/s_0_OSARI_2020_Jul_21_1956.csv'
